0 info it worked if it ends with ok
1 verbose cli [ 'C:\\Program Files\\nodejs\\node.exe',
1 verbose cli   'C:\\Users\\cag\\AppData\\Roaming\\npm\\node_modules\\npm\\bin\\npm-cli.js',
1 verbose cli   'run',
1 verbose cli   'build' ]
2 info using npm@3.10.6
3 info using node@v6.10.0
4 verbose run-script [ 'prebuild', 'build', 'postbuild' ]
5 info lifecycle vue_demo@1.0.0~prebuild: vue_demo@1.0.0
6 silly lifecycle vue_demo@1.0.0~prebuild: no script for prebuild, continuing
7 info lifecycle vue_demo@1.0.0~build: vue_demo@1.0.0
8 verbose lifecycle vue_demo@1.0.0~build: unsafe-perm in lifecycle true
9 verbose lifecycle vue_demo@1.0.0~build: PATH: C:\Users\cag\AppData\Roaming\npm\node_modules\npm\bin\node-gyp-bin;E:\WebstormProjects\vue_demo\node_modules\.bin;C:\Users\cag\bin;D:\Program Files (x86)\Git\mingw32\bin;D:\Program Files (x86)\Git\usr\local\bin;D:\Program Files (x86)\Git\usr\bin;D:\Program Files (x86)\Git\usr\bin;D:\Program Files (x86)\Git\mingw32\bin;D:\Program Files (x86)\Git\usr\bin;C:\Users\cag\bin;C:\ProgramData\Oracle\Java\javapath;C:\Windows\system32;C:\Windows;C:\Windows\System32\Wbem;C:\Windows\System32\WindowsPowerShell\v1.0;C:\Program Files (x86)\ATI Technologies\ATI.ACE\Core-Static;C:\Python27;C:\Program Files\nodejs;C:\Ruby22-x64\bin;C:\Program Files\nodejs\node_modules\npm\bin;C:\Python34;D:\Program Files (x86)\SSH Communications Security\SSH Secure Shell;C:\Users\cag\AppData\Roaming\npm;D:\Program Files (x86)\Git\usr\bin\vendor_perl;D:\Program Files (x86)\Git\usr\bin\core_perl
10 verbose lifecycle vue_demo@1.0.0~build: CWD: E:\WebstormProjects\vue_demo
11 silly lifecycle vue_demo@1.0.0~build: Args: [ '/d /s /c',
11 silly lifecycle   'webpack --display-modules --display-chunks --config build/webpack.product.config.js' ]
12 silly lifecycle vue_demo@1.0.0~build: Returned: code: 2  signal: null
13 info lifecycle vue_demo@1.0.0~build: Failed to exec build script
14 verbose stack Error: vue_demo@1.0.0 build: `webpack --display-modules --display-chunks --config build/webpack.product.config.js`
14 verbose stack Exit status 2
14 verbose stack     at EventEmitter.<anonymous> (C:\Users\cag\AppData\Roaming\npm\node_modules\npm\lib\utils\lifecycle.js:255:16)
14 verbose stack     at emitTwo (events.js:106:13)
14 verbose stack     at EventEmitter.emit (events.js:191:7)
14 verbose stack     at ChildProcess.<anonymous> (C:\Users\cag\AppData\Roaming\npm\node_modules\npm\lib\utils\spawn.js:40:14)
14 verbose stack     at emitTwo (events.js:106:13)
14 verbose stack     at ChildProcess.emit (events.js:191:7)
14 verbose stack     at maybeClose (internal/child_process.js:877:16)
14 verbose stack     at Process.ChildProcess._handle.onexit (internal/child_process.js:226:5)
15 verbose pkgid vue_demo@1.0.0
16 verbose cwd E:\WebstormProjects\vue_demo
17 error Windows_NT 6.1.7601
18 error argv "C:\\Program Files\\nodejs\\node.exe" "C:\\Users\\cag\\AppData\\Roaming\\npm\\node_modules\\npm\\bin\\npm-cli.js" "run" "build"
19 error node v6.10.0
20 error npm  v3.10.6
21 error code ELIFECYCLE
22 error vue_demo@1.0.0 build: `webpack --display-modules --display-chunks --config build/webpack.product.config.js`
22 error Exit status 2
23 error Failed at the vue_demo@1.0.0 build script 'webpack --display-modules --display-chunks --config build/webpack.product.config.js'.
23 error Make sure you have the latest version of node.js and npm installed.
23 error If you do, this is most likely a problem with the vue_demo package,
23 error not with npm itself.
23 error Tell the author that this fails on your system:
23 error     webpack --display-modules --display-chunks --config build/webpack.product.config.js
23 error You can get information on how to open an issue for this project with:
23 error     npm bugs vue_demo
23 error Or if that isn't available, you can get their info via:
23 error     npm owner ls vue_demo
23 error There is likely additional logging output above.
24 verbose exit [ 1, true ]
